Arguments: 
  C:\Program Files\nodejs\node.exe C:\Program Files (x86)\Yarn\bin\yarn.js init

PATH: 
  C:\Program Files\PowerShell\7-preview;C:\dev\kafka_2.12-2.6.0\bin\windows;C:\Program Files (x86)\NetSarang\Xftp 6\;C:\dev\curl\src;C:\dev\mysql-5.7.21-winx64\bin;C:\Program Files\Java\jdk1.8.0_144\bin;C:\Program Files\Java\jdk1.8.0_144\jre\bin;C:\ProgramData\Oracle\Java\javapath;C:\Windows\system32;C:\Windows;C:\Windows\System32\Wbem;C:\Windows\System32\WindowsPowerShell\v1.0\;C:\Program Files (x86)\NVIDIA Corporation\PhysX\Common;C:\Program Files\Git\cmd;C:\dev\gradle-6.2\bin_;C:\dev\gradle-4.10.2\bin_;C:\dev\android-sdk\tools\;C:\dev\android-sdk\tools\bin\;C:\dev\android-sdk\platform-tools\;C:\Program Files\dotnet\;C:\Program Files\Microsoft SQL Server\130\Tools\Binn\;C:\WINDOWS\system32;C:\WINDOWS;C:\WINDOWS\System32\Wbem;C:\WINDOWS\System32\WindowsPowerShell\v1.0\;C:\Program Files\PuTTY\;C:\WINDOWS\System32\OpenSSH\;C:\Program Files\Microsoft VS Code\bin;C:\dev\apache-maven-3.5.4\bin;C:\dev\apache-tomcat-7.0.90\bin;C:\Program Files\LLVM\bin;C:\Program Files (x86)\Graphviz2.38\bin;C:\Users\10210\Documents\shortcut;C:\Program Files\Git LFS;C:\Program Files (x86)\Yarn\bin\;C:\Program Files\PowerShell\7-preview\preview;C:\Program Files\nodejs\;c:\Program Files (x86)\Intel\Intel(R) Management Engine Components\DAL;c:\Program Files\Intel\Intel(R) Management Engine Components\DAL;C:\Program Files\NVIDIA Corporation\NVIDIA NvDLISR;C:\Program Files\Docker\Docker\resources\bin;C:\ProgramData\DockerDesktop\version-bin;C:\dev\Python37;C:\dev\Python37\Scripts;C:\dev\Python27_;C:\dev\Python27\Scripts_;C:\dev\Python36-32_;C:\dev\Python36-32\Scripts_;C:\Users\10210\AppData\Local\Programs\Python\Python38-32\Scripts\xxx\;C:\Users\10210\AppData\Local\Programs\Python\Python38-32\xxx\;C:\Users\10210\.cargo\bin;C:\Users\10210\AppData\Local\Microsoft\WindowsApps;C:\Users\10210\AppData\Local\Programs\Microsoft VS Code\bin;C:\Users\10210\AppData\Local\Microsoft\WindowsApps;C:\Users\10210\AppData\Local\Yarn\bin;C:\Users\10210\AppData\Roaming\npm

Yarn version: 
  1.22.0

Node version: 
  14.4.0

Platform: 
  win32 x64

Trace: 
  Error: canceled
      at Interface.<anonymous> (C:\Program Files (x86)\Yarn\lib\cli.js:136987:13)
      at Interface.emit (events.js:315:20)
      at Interface._ttyWrite (readline.js:873:16)
      at ReadStream.onkeypress (readline.js:213:10)
      at ReadStream.emit (events.js:315:20)
      at emitKeys (internal/readline/utils.js:335:14)
      at emitKeys.next (<anonymous>)
      at ReadStream.onData (readline.js:1140:36)
      at ReadStream.emit (events.js:315:20)
      at addChunk (_stream_readable.js:302:12)

npm manifest: 
  No manifest

yarn manifest: 
  No manifest

Lockfile: 
  No lockfile
